This file contains any messages produced by compilers while
running configure, to aid debugging if configure makes a mistake.

It was created by djvulibre configure 3.5.28, which was
generated by GNU Autoconf 2.71.  Invocation command line was

  $ ./configure

## --------- ##
## Platform. ##
## --------- ##

hostname = jsbdebian
uname -m = x86_64
uname -r = 6.1.0-22-amd64
uname -s = Linux
uname -v = #1 SMP PREEMPT_DYNAMIC Debian 6.1.94-1 (2024-06-21)

/usr/bin/uname -p = unknown
/bin/uname -X     = unknown

/bin/arch              = x86_64
/usr/bin/arch -k       = unknown
/usr/convex/getsysinfo = unknown
/usr/bin/hostinfo      = unknown
/bin/machine           = unknown
/usr/bin/oslevel       = unknown
/bin/universe          = unknown

PATH: /home/jsbien/gems/bin/
PATH: /home/jsbien/.local/bin/
PATH: /home/jsbien/.local/bin/
PATH: /usr/local/bin/
PATH: /usr/bin/
PATH: /bin/
PATH: /usr/local/games/
PATH: /usr/games/
PATH: /snap/bin/


## ----------- ##
## Core tests. ##
## ----------- ##

configure:3164: looking for aux files: ltmain.sh compile ar-lib missing install-sh config.guess config.sub
configure:3177:  trying ./config/
configure:3206:   ./config/ltmain.sh found
configure:3206:   ./config/compile found
configure:3206:   ./config/ar-lib found
configure:3206:   ./config/missing found
configure:3188:   ./config/install-sh found
configure:3206:   ./config/config.guess found
configure:3206:   ./config/config.sub found
configure:3330: checking build system type
configure:3345: result: x86_64-pc-linux-gnu
configure:3365: checking host system type
configure:3379: result: x86_64-pc-linux-gnu
configure:3417: checking for a BSD-compatible install
configure:3490: result: /usr/bin/install -c
configure:3501: checking whether build environment is sane
configure:3556: result: yes
configure:3715: checking for a race-free mkdir -p
configure:3759: result: /usr/bin/mkdir -p
configure:3766: checking for gawk
configure:3787: found /usr/bin/gawk
configure:3798: result: gawk
configure:3809: checking whether make sets $(MAKE)
configure:3832: result: yes
configure:3862: checking whether make supports nested variables
configure:3880: result: yes
configure:4028: checking whether make supports nested variables
configure:4046: result: yes
configure:4070: checking whether make supports the include directive
configure:4085: make -f confmf.GNU && cat confinc.out
this is the am__doit target
configure:4088: $? = 0
configure:4107: result: yes (GNU style)
configure:4183: checking for gcc
configure:4204: found /usr/bin/gcc
configure:4215: result: gcc
configure:4568: checking for C compiler version
configure:4577: gcc --version >&5
gcc (Debian 12.2.0-14) 12.2.0
Copyright (C) 2022 Free Software Foundation, Inc.
This is free software; see the source for copying conditions.  There is NO
warranty; not even for MERCHANTABILITY or FITNESS FOR A PARTICULAR PURPOSE.

configure:4588: $? = 0
configure:4577: gcc -v >&5
Using built-in specs.
COLLECT_GCC=gcc
COLLECT_LTO_WRAPPER=/usr/lib/gcc/x86_64-linux-gnu/12/lto-wrapper
OFFLOAD_TARGET_NAMES=nvptx-none:amdgcn-amdhsa
OFFLOAD_TARGET_DEFAULT=1
Target: x86_64-linux-gnu
Configured with: ../src/configure -v --with-pkgversion='Debian 12.2.0-14' --with-bugurl=file:///usr/share/doc/gcc-12/README.Bugs --enable-languages=c,ada,c++,go,d,fortran,objc,obj-c++,m2 --prefix=/usr --with-gcc-major-version-only --program-suffix=-12 --program-prefix=x86_64-linux-gnu- --enable-shared --enable-linker-build-id --libexecdir=/usr/lib --without-included-gettext --enable-threads=posix --libdir=/usr/lib --enable-nls --enable-clocale=gnu --enable-libstdcxx-debug --enable-libstdcxx-time=yes --with-default-libstdcxx-abi=new --enable-gnu-unique-object --disable-vtable-verify --enable-plugin --enable-default-pie --with-system-zlib --enable-libphobos-checking=release --with-target-system-zlib=auto --enable-objc-gc=auto --enable-multiarch --disable-werror --enable-cet --with-arch-32=i686 --with-abi=m64 --with-multilib-list=m32,m64,mx32 --enable-multilib --with-tune=generic --enable-offload-targets=nvptx-none=/build/gcc-12-bTRWOB/gcc-12-12.2.0/debian/tmp-nvptx/usr,amdgcn-amdhsa=/build/gcc-12-bTRWOB/gcc-12-12.2.0/debian/tmp-gcn/usr --enable-offload-defaulted --without-cuda-driver --enable-checking=release --build=x86_64-linux-gnu --host=x86_64-linux-gnu --target=x86_64-linux-gnu
Thread model: posix
Supported LTO compression algorithms: zlib zstd
gcc version 12.2.0 (Debian 12.2.0-14) 
... rest of stderr output deleted ...
configure:4588: $? = 0
configure:4577: gcc -V >&5
gcc: error: unrecognized command-line option '-V'
gcc: fatal error: no input files
compilation terminated.
configure:4588: $? = 1
configure:4577: gcc -qversion >&5
gcc: error: unrecognized command-line option '-qversion'; did you mean '--version'?
gcc: fatal error: no input files
compilation terminated.
configure:4588: $? = 1
configure:4577: gcc -version >&5
gcc: error: unrecognized command-line option '-version'
gcc: fatal error: no input files
compilation terminated.
configure:4588: $? = 1
configure:4608: checking whether the C compiler works
configure:4630: gcc    conftest.c  >&5
configure:4634: $? = 0
configure:4684: result: yes
configure:4687: checking for C compiler default output file name
configure:4689: result: a.out
configure:4695: checking for suffix of executables
configure:4702: gcc -o conftest    conftest.c  >&5
configure:4706: $? = 0
configure:4729: result: 
configure:4751: checking whether we are cross compiling
configure:4759: gcc -o conftest    conftest.c  >&5
configure:4763: $? = 0
configure:4770: ./conftest
configure:4774: $? = 0
configure:4789: result: no
configure:4794: checking for suffix of object files
configure:4817: gcc -c   conftest.c >&5
configure:4821: $? = 0
configure:4843: result: o
configure:4847: checking whether the compiler supports GNU C
configure:4867: gcc -c   conftest.c >&5
configure:4867: $? = 0
configure:4877: result: yes
configure:4888: checking whether gcc accepts -g
configure:4909: gcc -c -g  conftest.c >&5
configure:4909: $? = 0
configure:4953: result: yes
configure:4973: checking for gcc option to enable C11 features
configure:4988: gcc  -c -g -O2  conftest.c >&5
configure:4988: $? = 0
configure:5006: result: none needed
configure:5122: checking whether gcc understands -c and -o together
configure:5145: gcc -c conftest.c -o conftest2.o
configure:5148: $? = 0
configure:5145: gcc -c conftest.c -o conftest2.o
configure:5148: $? = 0
configure:5160: result: yes
configure:5179: checking dependency style of gcc
configure:5291: result: gcc3
configure:5362: checking for ar
configure:5383: found /usr/bin/ar
configure:5394: result: ar
configure:5420: checking the archiver (ar) interface
configure:5437: gcc -c -g -O2  conftest.c >&5
configure:5437: $? = 0
configure:5440: ar cru libconftest.a conftest.o >&5
ar: `u' modifier ignored since `D' is the default (see `U')
configure:5443: $? = 0
configure:5471: result: ar
configure:5539: checking how to print strings
configure:5566: result: printf
configure:5587: checking for a sed that does not truncate output
configure:5657: result: /usr/bin/sed
configure:5675: checking for grep that handles long lines and -e
configure:5739: result: /usr/bin/grep
configure:5744: checking for egrep
configure:5812: result: /usr/bin/grep -E
configure:5817: checking for fgrep
configure:5885: result: /usr/bin/grep -F
configure:5921: checking for ld used by gcc
configure:5989: result: /usr/bin/ld
configure:5996: checking if the linker (/usr/bin/ld) is GNU ld
configure:6012: result: yes
configure:6024: checking for BSD- or MS-compatible name lister (nm)
configure:6079: result: /usr/bin/nm -B
configure:6219: checking the name lister (/usr/bin/nm -B) interface
configure:6227: gcc -c -g -O2  conftest.c >&5
configure:6230: /usr/bin/nm -B "conftest.o"
configure:6233: output
0000000000000000 B some_variable
configure:6240: result: BSD nm
configure:6243: checking whether ln -s works
configure:6247: result: yes
configure:6255: checking the maximum length of command line arguments
configure:6387: result: 1879296
configure:6435: checking how to convert x86_64-pc-linux-gnu file names to x86_64-pc-linux-gnu format
configure:6476: result: func_convert_file_noop
configure:6483: checking how to convert x86_64-pc-linux-gnu file names to toolchain format
configure:6504: result: func_convert_file_noop
configure:6511: checking for /usr/bin/ld option to reload object files
configure:6519: result: -r
configure:6598: checking for file
configure:6619: found /usr/bin/file
configure:6630: result: file
configure:6706: checking for objdump
configure:6727: found /usr/bin/objdump
configure:6738: result: objdump
configure:6767: checking how to recognize dependent libraries
configure:6968: result: pass_all
configure:7058: checking for dlltool
configure:7093: result: no
configure:7120: checking how to associate runtime and link libraries
configure:7148: result: printf %s\n
configure:7298: checking for archiver @FILE support
configure:7316: gcc -c -g -O2  conftest.c >&5
configure:7316: $? = 0
configure:7320: ar cr libconftest.a @conftest.lst >&5
configure:7323: $? = 0
configure:7328: ar cr libconftest.a @conftest.lst >&5
ar: conftest.o: No such file or directory
configure:7331: $? = 1
configure:7343: result: @
configure:7406: checking for strip
configure:7427: found /usr/bin/strip
configure:7438: result: strip
configure:7515: checking for ranlib
configure:7536: found /usr/bin/ranlib
configure:7547: result: ranlib
configure:7649: checking command to parse /usr/bin/nm -B output from gcc object
configure:7803: gcc -c -g -O2  conftest.c >&5
configure:7806: $? = 0
configure:7810: /usr/bin/nm -B conftest.o | /usr/bin/sed -n -e 's/^.*[	 ]\([ABCDGIRSTW][ABCDGIRSTW]*\)[	 ][	 ]*\([_A-Za-z][_A-Za-z0-9]*\)$/\1 \2 \2/p' | /usr/bin/sed '/ __gnu_lto/d' > conftest.nm
configure:7876: gcc -o conftest -g -O2   conftest.c conftstm.o >&5
configure:7879: $? = 0
configure:7917: result: ok
configure:7964: checking for sysroot
configure:7995: result: no
configure:8002: checking for a working dd
configure:8046: result: /usr/bin/dd
configure:8050: checking how to truncate binary pipes
configure:8066: result: /usr/bin/dd bs=4096 count=1
configure:8203: gcc -c -g -O2  conftest.c >&5
configure:8206: $? = 0
configure:8403: checking for mt
configure:8424: found /usr/bin/mt
configure:8435: result: mt
configure:8458: checking if mt is a manifest tool
configure:8465: mt '-?'
configure:8473: result: no
configure:9198: checking for stdio.h
configure:9198: gcc -c -g -O2  conftest.c >&5
configure:9198: $? = 0
configure:9198: result: yes
configure:9198: checking for stdlib.h
configure:9198: gcc -c -g -O2  conftest.c >&5
configure:9198: $? = 0
configure:9198: result: yes
configure:9198: checking for string.h
configure:9198: gcc -c -g -O2  conftest.c >&5
configure:9198: $? = 0
configure:9198: result: yes
configure:9198: checking for inttypes.h
configure:9198: gcc -c -g -O2  conftest.c >&5
configure:9198: $? = 0
configure:9198: result: yes
configure:9198: checking for stdint.h
configure:9198: gcc -c -g -O2  conftest.c >&5
configure:9198: $? = 0
configure:9198: result: yes
configure:9198: checking for strings.h
configure:9198: gcc -c -g -O2  conftest.c >&5
configure:9198: $? = 0
configure:9198: result: yes
configure:9198: checking for sys/stat.h
configure:9198: gcc -c -g -O2  conftest.c >&5
configure:9198: $? = 0
configure:9198: result: yes
configure:9198: checking for sys/types.h
configure:9198: gcc -c -g -O2  conftest.c >&5
configure:9198: $? = 0
configure:9198: result: yes
configure:9198: checking for unistd.h
configure:9198: gcc -c -g -O2  conftest.c >&5
configure:9198: $? = 0
configure:9198: result: yes
configure:9223: checking for dlfcn.h
configure:9223: gcc -c -g -O2  conftest.c >&5
configure:9223: $? = 0
configure:9223: result: yes
configure:9809: checking for objdir
configure:9825: result: .libs
configure:10089: checking if gcc supports -fno-rtti -fno-exceptions
configure:10108: gcc -c -g -O2  -fno-rtti -fno-exceptions conftest.c >&5
cc1: warning: command-line option '-fno-rtti' is valid for C++/D/ObjC++ but not for C
configure:10112: $? = 0
configure:10125: result: no
configure:10489: checking for gcc option to produce PIC
configure:10497: result: -fPIC -DPIC
configure:10505: checking if gcc PIC flag -fPIC -DPIC works
configure:10524: gcc -c -g -O2  -fPIC -DPIC -DPIC conftest.c >&5
configure:10528: $? = 0
configure:10541: result: yes
configure:10570: checking if gcc static flag -static works
configure:10599: result: yes
configure:10614: checking if gcc supports -c -o file.o
configure:10636: gcc -c -g -O2  -o out/conftest2.o conftest.c >&5
configure:10640: $? = 0
configure:10662: result: yes
configure:10670: checking if gcc supports -c -o file.o
configure:10718: result: yes
configure:10751: checking whether the gcc linker (/usr/bin/ld -m elf_x86_64) supports shared libraries
configure:12025: result: yes
configure:12062: checking whether -lc should be explicitly linked in
configure:12071: gcc -c -g -O2  conftest.c >&5
configure:12074: $? = 0
configure:12089: gcc -shared  -fPIC -DPIC conftest.o  -v -Wl,-soname -Wl,conftest -o conftest 2\>\&1 \| /usr/bin/grep  -lc  \>/dev/null 2\>\&1
configure:12092: $? = 0
configure:12106: result: no
configure:12266: checking dynamic linker characteristics
configure:12848: gcc -o conftest -g -O2   -Wl,-rpath -Wl,/foo conftest.c  >&5
configure:12848: $? = 0
configure:13099: result: GNU/Linux ld.so
configure:13221: checking how to hardcode library paths into programs
configure:13246: result: immediate
configure:13798: checking whether stripping libraries is possible
configure:13807: result: yes
configure:13849: checking if libtool supports shared libraries
configure:13851: result: yes
configure:13854: checking whether to build shared libraries
configure:13879: result: yes
configure:13882: checking whether to build static libraries
configure:13886: result: no
configure:13964: checking for gcc options needed to detect all undeclared functions
configure:13986: gcc -c -g -O2   conftest.c >&5
conftest.c: In function 'main':
conftest.c:27:8: error: 'strchr' undeclared (first use in this function)
   27 | (void) strchr;
      |        ^~~~~~
conftest.c:1:1: note: 'strchr' is defined in header '<string.h>'; did you forget to '#include <string.h>'?
    1 | /* confdefs.h */
conftest.c:27:8: note: each undeclared identifier is reported only once for each function it appears in
   27 | (void) strchr;
      |        ^~~~~~
configure:13986: $? = 1
configure: failed program was:
| /* confdefs.h */
| #define PACKAGE_NAME "djvulibre"
| #define PACKAGE_TARNAME "djvulibre"
| #define PACKAGE_VERSION "3.5.28"
| #define PACKAGE_STRING "djvulibre 3.5.28"
| #define PACKAGE_BUGREPORT ""
| #define PACKAGE_URL ""
| #define PACKAGE "djvulibre"
| #define VERSION "3.5.28"
| #define HAVE_STDIO_H 1
| #define HAVE_STDLIB_H 1
| #define HAVE_STRING_H 1
| #define HAVE_INTTYPES_H 1
| #define HAVE_STDINT_H 1
| #define HAVE_STRINGS_H 1
| #define HAVE_SYS_STAT_H 1
| #define HAVE_SYS_TYPES_H 1
| #define HAVE_UNISTD_H 1
| #define STDC_HEADERS 1
| #define HAVE_DLFCN_H 1
| #define LT_OBJDIR ".libs/"
| /* end confdefs.h.  */
| 
| int
| main (void)
| {
| (void) strchr;
|   ;
|   return 0;
| }
configure:14013: gcc -c -g -O2   conftest.c >&5
configure:14013: $? = 0
configure:14030: result: none needed
configure:14044: checking whether _WIN32 is declared
configure:14044: gcc -c -g -O2   conftest.c >&5
conftest.c: In function 'main':
conftest.c:58:10: error: '_WIN32' undeclared (first use in this function)
   58 |   (void) _WIN32;
      |          ^~~~~~
conftest.c:58:10: note: each undeclared identifier is reported only once for each function it appears in
configure:14044: $? = 1
configure: failed program was:
| /* confdefs.h */
| #define PACKAGE_NAME "djvulibre"
| #define PACKAGE_TARNAME "djvulibre"
| #define PACKAGE_VERSION "3.5.28"
| #define PACKAGE_STRING "djvulibre 3.5.28"
| #define PACKAGE_BUGREPORT ""
| #define PACKAGE_URL ""
| #define PACKAGE "djvulibre"
| #define VERSION "3.5.28"
| #define HAVE_STDIO_H 1
| #define HAVE_STDLIB_H 1
| #define HAVE_STRING_H 1
| #define HAVE_INTTYPES_H 1
| #define HAVE_STDINT_H 1
| #define HAVE_STRINGS_H 1
| #define HAVE_SYS_STAT_H 1
| #define HAVE_SYS_TYPES_H 1
| #define HAVE_UNISTD_H 1
| #define STDC_HEADERS 1
| #define HAVE_DLFCN_H 1
| #define LT_OBJDIR ".libs/"
| /* end confdefs.h.  */
| #include <stddef.h>
| #ifdef HAVE_STDIO_H
| # include <stdio.h>
| #endif
| #ifdef HAVE_STDLIB_H
| # include <stdlib.h>
| #endif
| #ifdef HAVE_STRING_H
| # include <string.h>
| #endif
| #ifdef HAVE_INTTYPES_H
| # include <inttypes.h>
| #endif
| #ifdef HAVE_STDINT_H
| # include <stdint.h>
| #endif
| #ifdef HAVE_STRINGS_H
| # include <strings.h>
| #endif
| #ifdef HAVE_SYS_TYPES_H
| # include <sys/types.h>
| #endif
| #ifdef HAVE_SYS_STAT_H
| # include <sys/stat.h>
| #endif
| #ifdef HAVE_UNISTD_H
| # include <unistd.h>
| #endif
| int
| main (void)
| {
| #ifndef _WIN32
| #ifdef __cplusplus
|   (void) _WIN32;
| #else
|   (void) _WIN32;
| #endif
| #endif
| 
|   ;
|   return 0;
| }
configure:14044: result: no
configure:14060: checking whether __APPLE__ is declared
configure:14060: gcc -c -g -O2   conftest.c >&5
conftest.c: In function 'main':
conftest.c:58:10: error: '__APPLE__' undeclared (first use in this function); did you mean '__FILE__'?
   58 |   (void) __APPLE__;
      |          ^~~~~~~~~
      |          __FILE__
conftest.c:58:10: note: each undeclared identifier is reported only once for each function it appears in
configure:14060: $? = 1
configure: failed program was:
| /* confdefs.h */
| #define PACKAGE_NAME "djvulibre"
| #define PACKAGE_TARNAME "djvulibre"
| #define PACKAGE_VERSION "3.5.28"
| #define PACKAGE_STRING "djvulibre 3.5.28"
| #define PACKAGE_BUGREPORT ""
| #define PACKAGE_URL ""
| #define PACKAGE "djvulibre"
| #define VERSION "3.5.28"
| #define HAVE_STDIO_H 1
| #define HAVE_STDLIB_H 1
| #define HAVE_STRING_H 1
| #define HAVE_INTTYPES_H 1
| #define HAVE_STDINT_H 1
| #define HAVE_STRINGS_H 1
| #define HAVE_SYS_STAT_H 1
| #define HAVE_SYS_TYPES_H 1
| #define HAVE_UNISTD_H 1
| #define STDC_HEADERS 1
| #define HAVE_DLFCN_H 1
| #define LT_OBJDIR ".libs/"
| /* end confdefs.h.  */
| #include <stddef.h>
| #ifdef HAVE_STDIO_H
| # include <stdio.h>
| #endif
| #ifdef HAVE_STDLIB_H
| # include <stdlib.h>
| #endif
| #ifdef HAVE_STRING_H
| # include <string.h>
| #endif
| #ifdef HAVE_INTTYPES_H
| # include <inttypes.h>
| #endif
| #ifdef HAVE_STDINT_H
| # include <stdint.h>
| #endif
| #ifdef HAVE_STRINGS_H
| # include <strings.h>
| #endif
| #ifdef HAVE_SYS_TYPES_H
| # include <sys/types.h>
| #endif
| #ifdef HAVE_SYS_STAT_H
| # include <sys/stat.h>
| #endif
| #ifdef HAVE_UNISTD_H
| # include <unistd.h>
| #endif
| int
| main (void)
| {
| #ifndef __APPLE__
| #ifdef __cplusplus
|   (void) __APPLE__;
| #else
|   (void) __APPLE__;
| #endif
| #endif
| 
|   ;
|   return 0;
| }
configure:14060: result: no
configure:14091: checking whether make sets $(MAKE)
configure:14114: result: yes
configure:14126: checking whether ln -s works
configure:14130: result: yes
configure:14138: checking for a sed that does not truncate output
configure:14208: result: /usr/bin/sed
configure:14215: checking for touch
configure:14238: found /usr/bin/touch
configure:14250: result: /usr/bin/touch
configure:14260: checking for rsvg-convert
configure:14296: result: false
configure:14306: checking for inkscape
configure:14329: found /usr/bin/inkscape
configure:14342: result: /usr/bin/inkscape
configure:14352: checking for convert
configure:14375: found /usr/bin/convert
configure:14388: result: /usr/bin/convert
configure:14440: checking for rm
configure:14463: found /usr/bin/rm
configure:14475: result: /usr/bin/rm
configure:14539: checking for gcc
configure:14571: result: gcc
configure:14924: checking for C compiler version
configure:14933: gcc --version >&5
gcc (Debian 12.2.0-14) 12.2.0
Copyright (C) 2022 Free Software Foundation, Inc.
This is free software; see the source for copying conditions.  There is NO
warranty; not even for MERCHANTABILITY or FITNESS FOR A PARTICULAR PURPOSE.

configure:14944: $? = 0
configure:14933: gcc -v >&5
Using built-in specs.
COLLECT_GCC=gcc
COLLECT_LTO_WRAPPER=/usr/lib/gcc/x86_64-linux-gnu/12/lto-wrapper
OFFLOAD_TARGET_NAMES=nvptx-none:amdgcn-amdhsa
OFFLOAD_TARGET_DEFAULT=1
Target: x86_64-linux-gnu
Configured with: ../src/configure -v --with-pkgversion='Debian 12.2.0-14' --with-bugurl=file:///usr/share/doc/gcc-12/README.Bugs --enable-languages=c,ada,c++,go,d,fortran,objc,obj-c++,m2 --prefix=/usr --with-gcc-major-version-only --program-suffix=-12 --program-prefix=x86_64-linux-gnu- --enable-shared --enable-linker-build-id --libexecdir=/usr/lib --without-included-gettext --enable-threads=posix --libdir=/usr/lib --enable-nls --enable-clocale=gnu --enable-libstdcxx-debug --enable-libstdcxx-time=yes --with-default-libstdcxx-abi=new --enable-gnu-unique-object --disable-vtable-verify --enable-plugin --enable-default-pie --with-system-zlib --enable-libphobos-checking=release --with-target-system-zlib=auto --enable-objc-gc=auto --enable-multiarch --disable-werror --enable-cet --with-arch-32=i686 --with-abi=m64 --with-multilib-list=m32,m64,mx32 --enable-multilib --with-tune=generic --enable-offload-targets=nvptx-none=/build/gcc-12-bTRWOB/gcc-12-12.2.0/debian/tmp-nvptx/usr,amdgcn-amdhsa=/build/gcc-12-bTRWOB/gcc-12-12.2.0/debian/tmp-gcn/usr --enable-offload-defaulted --without-cuda-driver --enable-checking=release --build=x86_64-linux-gnu --host=x86_64-linux-gnu --target=x86_64-linux-gnu
Thread model: posix
Supported LTO compression algorithms: zlib zstd
gcc version 12.2.0 (Debian 12.2.0-14) 
... rest of stderr output deleted ...
configure:14944: $? = 0
configure:14933: gcc -V >&5
gcc: error: unrecognized command-line option '-V'
gcc: fatal error: no input files
compilation terminated.
configure:14944: $? = 1
configure:14933: gcc -qversion >&5
gcc: error: unrecognized command-line option '-qversion'; did you mean '--version'?
gcc: fatal error: no input files
compilation terminated.
configure:14944: $? = 1
configure:14933: gcc -version >&5
gcc: error: unrecognized command-line option '-version'
gcc: fatal error: no input files
compilation terminated.
configure:14944: $? = 1
configure:14948: checking whether the compiler supports GNU C
configure:14978: result: yes
configure:14989: checking whether gcc accepts -g
configure:15054: result: yes
configure:15074: checking for gcc option to enable C11 features
configure:15107: result: none needed
configure:15223: checking whether gcc understands -c and -o together
configure:15261: result: yes
configure:15280: checking dependency style of gcc
configure:15392: result: gcc3
configure:15476: checking for g++
configure:15497: found /usr/bin/g++
configure:15508: result: g++
configure:15535: checking for C++ compiler version
configure:15544: g++ --version >&5
g++ (Debian 12.2.0-14) 12.2.0
Copyright (C) 2022 Free Software Foundation, Inc.
This is free software; see the source for copying conditions.  There is NO
warranty; not even for MERCHANTABILITY or FITNESS FOR A PARTICULAR PURPOSE.

configure:15555: $? = 0
configure:15544: g++ -v >&5
Using built-in specs.
COLLECT_GCC=g++
COLLECT_LTO_WRAPPER=/usr/lib/gcc/x86_64-linux-gnu/12/lto-wrapper
OFFLOAD_TARGET_NAMES=nvptx-none:amdgcn-amdhsa
OFFLOAD_TARGET_DEFAULT=1
Target: x86_64-linux-gnu
Configured with: ../src/configure -v --with-pkgversion='Debian 12.2.0-14' --with-bugurl=file:///usr/share/doc/gcc-12/README.Bugs --enable-languages=c,ada,c++,go,d,fortran,objc,obj-c++,m2 --prefix=/usr --with-gcc-major-version-only --program-suffix=-12 --program-prefix=x86_64-linux-gnu- --enable-shared --enable-linker-build-id --libexecdir=/usr/lib --without-included-gettext --enable-threads=posix --libdir=/usr/lib --enable-nls --enable-clocale=gnu --enable-libstdcxx-debug --enable-libstdcxx-time=yes --with-default-libstdcxx-abi=new --enable-gnu-unique-object --disable-vtable-verify --enable-plugin --enable-default-pie --with-system-zlib --enable-libphobos-checking=release --with-target-system-zlib=auto --enable-objc-gc=auto --enable-multiarch --disable-werror --enable-cet --with-arch-32=i686 --with-abi=m64 --with-multilib-list=m32,m64,mx32 --enable-multilib --with-tune=generic --enable-offload-targets=nvptx-none=/build/gcc-12-bTRWOB/gcc-12-12.2.0/debian/tmp-nvptx/usr,amdgcn-amdhsa=/build/gcc-12-bTRWOB/gcc-12-12.2.0/debian/tmp-gcn/usr --enable-offload-defaulted --without-cuda-driver --enable-checking=release --build=x86_64-linux-gnu --host=x86_64-linux-gnu --target=x86_64-linux-gnu
Thread model: posix
Supported LTO compression algorithms: zlib zstd
gcc version 12.2.0 (Debian 12.2.0-14) 
... rest of stderr output deleted ...
configure:15555: $? = 0
configure:15544: g++ -V >&5
g++: error: unrecognized command-line option '-V'
g++: fatal error: no input files
compilation terminated.
configure:15555: $? = 1
configure:15544: g++ -qversion >&5
g++: error: unrecognized command-line option '-qversion'; did you mean '--version'?
g++: fatal error: no input files
compilation terminated.
configure:15555: $? = 1
configure:15559: checking whether the compiler supports GNU C++
configure:15579: g++ -c   conftest.cpp >&5
configure:15579: $? = 0
configure:15589: result: yes
configure:15600: checking whether g++ accepts -g
configure:15621: g++ -c -g  conftest.cpp >&5
configure:15621: $? = 0
configure:15665: result: yes
configure:15685: checking for g++ option to enable C++11 features
configure:15700: g++  -c -g -O2  conftest.cpp >&5
conftest.cpp: In function 'int main(int, char**)':
conftest.cpp:189:25: warning: empty parentheses were disambiguated as a function declaration [-Wvexing-parse]
  189 |   cxx11test::delegate d2();
      |                         ^~
conftest.cpp:189:25: note: remove parentheses to default-initialize a variable
  189 |   cxx11test::delegate d2();
      |                         ^~
      |                         --
conftest.cpp:189:25: note: or replace parentheses with braces to value-initialize a variable
configure:15700: $? = 0
configure:15718: result: none needed
configure:15784: checking dependency style of g++
configure:15896: result: gcc3
configure:15929: checking how to run the C++ preprocessor
configure:15951: g++ -E  conftest.cpp
configure:15951: $? = 0
configure:15966: g++ -E  conftest.cpp
conftest.cpp:23:10: fatal error: ac_nonexistent.h: No such file or directory
   23 | #include <ac_nonexistent.h>
      |          ^~~~~~~~~~~~~~~~~~
compilation terminated.
configure:15966: $? = 1
configure: failed program was:
| /* confdefs.h */
| #define PACKAGE_NAME "djvulibre"
| #define PACKAGE_TARNAME "djvulibre"
| #define PACKAGE_VERSION "3.5.28"
| #define PACKAGE_STRING "djvulibre 3.5.28"
| #define PACKAGE_BUGREPORT ""
| #define PACKAGE_URL ""
| #define PACKAGE "djvulibre"
| #define VERSION "3.5.28"
| #define HAVE_STDIO_H 1
| #define HAVE_STDLIB_H 1
| #define HAVE_STRING_H 1
| #define HAVE_INTTYPES_H 1
| #define HAVE_STDINT_H 1
| #define HAVE_STRINGS_H 1
| #define HAVE_SYS_STAT_H 1
| #define HAVE_SYS_TYPES_H 1
| #define HAVE_UNISTD_H 1
| #define STDC_HEADERS 1
| #define HAVE_DLFCN_H 1
| #define LT_OBJDIR ".libs/"
| /* end confdefs.h.  */
| #include <ac_nonexistent.h>
configure:15993: result: g++ -E
configure:16007: g++ -E  conftest.cpp
configure:16007: $? = 0
configure:16022: g++ -E  conftest.cpp
conftest.cpp:23:10: fatal error: ac_nonexistent.h: No such file or directory
   23 | #include <ac_nonexistent.h>
      |          ^~~~~~~~~~~~~~~~~~
compilation terminated.
configure:16022: $? = 1
configure: failed program was:
| /* confdefs.h */
| #define PACKAGE_NAME "djvulibre"
| #define PACKAGE_TARNAME "djvulibre"
| #define PACKAGE_VERSION "3.5.28"
| #define PACKAGE_STRING "djvulibre 3.5.28"
| #define PACKAGE_BUGREPORT ""
| #define PACKAGE_URL ""
| #define PACKAGE "djvulibre"
| #define VERSION "3.5.28"
| #define HAVE_STDIO_H 1
| #define HAVE_STDLIB_H 1
| #define HAVE_STRING_H 1
| #define HAVE_INTTYPES_H 1
| #define HAVE_STDINT_H 1
| #define HAVE_STRINGS_H 1
| #define HAVE_SYS_STAT_H 1
| #define HAVE_SYS_TYPES_H 1
| #define HAVE_UNISTD_H 1
| #define STDC_HEADERS 1
| #define HAVE_DLFCN_H 1
| #define LT_OBJDIR ".libs/"
| /* end confdefs.h.  */
| #include <ac_nonexistent.h>
configure:16187: checking for ld used by g++
configure:16255: result: /usr/bin/ld -m elf_x86_64
configure:16262: checking if the linker (/usr/bin/ld -m elf_x86_64) is GNU ld
configure:16278: result: yes
configure:16333: checking whether the g++ linker (/usr/bin/ld -m elf_x86_64) supports shared libraries
configure:17411: result: yes
configure:17447: g++ -c -g -O2  conftest.cpp >&5
configure:17450: $? = 0
configure:17931: checking for g++ option to produce PIC
configure:17939: result: -fPIC -DPIC
configure:17947: checking if g++ PIC flag -fPIC -DPIC works
configure:17966: g++ -c -g -O2  -fPIC -DPIC -DPIC conftest.cpp >&5
configure:17970: $? = 0
configure:17983: result: yes
configure:18006: checking if g++ static flag -static works
configure:18035: result: yes
configure:18047: checking if g++ supports -c -o file.o
configure:18069: g++ -c -g -O2  -o out/conftest2.o conftest.cpp >&5
configure:18073: $? = 0
configure:18095: result: yes
configure:18100: checking if g++ supports -c -o file.o
configure:18148: result: yes
configure:18178: checking whether the g++ linker (/usr/bin/ld -m elf_x86_64) supports shared libraries
configure:18221: result: yes
configure:18363: checking dynamic linker characteristics
configure:19123: result: GNU/Linux ld.so
configure:19188: checking how to hardcode library paths into programs
configure:19213: result: immediate
configure:19310: checking if g++ accepts -O3
configure:19314: result: yes
configure:19343: checking if g++ accepts -O3
configure:19347: result: yes
configure:19522: checking if g++ accepts -Wall
configure:19526: result: yes
configure:19539: checking if g++ accepts -Wall
configure:19543: result: yes
configure:19569: checking whether the compiler recognizes bool as a built-in type
configure:19599: g++ -c  -g -O3 -Wall -DNDEBUG  conftest.cpp >&5
configure:19599: $? = 0
configure:19614: result: yes
configure:19622: checking whether the compiler supports exceptions
configure:19648: g++ -c  -g -O3 -Wall -DNDEBUG  conftest.cpp >&5
configure:19648: $? = 0
configure:19663: result: yes
configure:19671: checking whether the compiler recognizes typename
configure:19699: g++ -c  -g -O3 -Wall -DNDEBUG  conftest.cpp >&5
configure:19699: $? = 0
configure:19714: result: yes
configure:19722: checking whether the compiler comes with standard includes
configure:19750: g++ -c  -g -O3 -Wall -DNDEBUG  conftest.cpp >&5
configure:19750: $? = 0
configure:19765: result: yes
configure:19773: checking whether the compiler implements namespaces
configure:19801: g++ -c  -g -O3 -Wall -DNDEBUG  conftest.cpp >&5
configure:19801: $? = 0
configure:19816: result: yes
configure:19824: checking whether the compiler supports member templates
configure:19856: g++ -c  -g -O3 -Wall -DNDEBUG  conftest.cpp >&5
configure:19856: $? = 0
configure:19871: result: yes
configure:19879: checking whether the compiler supports intel atomic builtins
configure:19911: g++ -o conftest  -g -O3 -Wall -DNDEBUG   conftest.cpp  >&5
configure:19911: $? = 0
configure:19927: result: yes
configure:19935: checking whether the compiler supports keyword __thread
configure:19962: g++ -c  -g -O3 -Wall -DNDEBUG  conftest.cpp >&5
configure:19962: $? = 0
configure:19977: result: yes
configure:19990: checking for sqrt in -lm
configure:20012: g++ -o conftest  -g -O3 -Wall -DNDEBUG   conftest.cpp -lm   >&5
configure:20012: $? = 0
configure:20022: result: yes
configure:20043: checking for dirent.h that defines DIR
configure:20063: g++ -c  -g -O3 -Wall -DNDEBUG  conftest.cpp >&5
configure:20063: $? = 0
configure:20072: result: yes
configure:20086: checking for library containing opendir
configure:20115: g++ -o conftest  -g -O3 -Wall -DNDEBUG   conftest.cpp -lm  >&5
configure:20115: $? = 0
configure:20135: result: none required
configure:20209: checking for sys/time.h
configure:20209: g++ -c  -g -O3 -Wall -DNDEBUG  conftest.cpp >&5
configure:20209: $? = 0
configure:20209: result: yes
configure:20209: checking for sys/param.h
configure:20209: g++ -c  -g -O3 -Wall -DNDEBUG  conftest.cpp >&5
configure:20209: $? = 0
configure:20209: result: yes
configure:20209: checking for vfork.h
configure:20209: g++ -c  -g -O3 -Wall -DNDEBUG  conftest.cpp >&5
conftest.cpp:63:10: fatal error: vfork.h: No such file or directory
   63 | #include <vfork.h>
      |          ^~~~~~~~~
compilation terminated.
configure:20209: $? = 1
configure: failed program was:
| /* confdefs.h */
| #define PACKAGE_NAME "djvulibre"
| #define PACKAGE_TARNAME "djvulibre"
| #define PACKAGE_VERSION "3.5.28"
| #define PACKAGE_STRING "djvulibre 3.5.28"
| #define PACKAGE_BUGREPORT ""
| #define PACKAGE_URL ""
| #define PACKAGE "djvulibre"
| #define VERSION "3.5.28"
| #define HAVE_STDIO_H 1
| #define HAVE_STDLIB_H 1
| #define HAVE_STRING_H 1
| #define HAVE_INTTYPES_H 1
| #define HAVE_STDINT_H 1
| #define HAVE_STRINGS_H 1
| #define HAVE_SYS_STAT_H 1
| #define HAVE_SYS_TYPES_H 1
| #define HAVE_UNISTD_H 1
| #define STDC_HEADERS 1
| #define HAVE_DLFCN_H 1
| #define LT_OBJDIR ".libs/"
| #define HAVE_BOOL 1
| #define HAVE_EXCEPTIONS 1
| #define HAVE_TYPENAME 1
| #define HAVE_STDINCLUDES 1
| #define HAVE_NAMESPACES 1
| #define HAVE_MEMBER_TEMPLATES 1
| #define HAVE_INTEL_ATOMIC_BUILTINS 1
| #define HAVE_GCCTLS 1
| #define HAVE_LIBM 1
| #define HAVE_DIRENT_H 1
| #define HAVE_SYS_TIME_H 1
| #define HAVE_SYS_PARAM_H 1
| /* end confdefs.h.  */
| #include <stddef.h>
| #ifdef HAVE_STDIO_H
| # include <stdio.h>
| #endif
| #ifdef HAVE_STDLIB_H
| # include <stdlib.h>
| #endif
| #ifdef HAVE_STRING_H
| # include <string.h>
| #endif
| #ifdef HAVE_INTTYPES_H
| # include <inttypes.h>
| #endif
| #ifdef HAVE_STDINT_H
| # include <stdint.h>
| #endif
| #ifdef HAVE_STRINGS_H
| # include <strings.h>
| #endif
| #ifdef HAVE_SYS_TYPES_H
| # include <sys/types.h>
| #endif
| #ifdef HAVE_SYS_STAT_H
| # include <sys/stat.h>
| #endif
| #ifdef HAVE_UNISTD_H
| # include <unistd.h>
| #endif
| #include <vfork.h>
configure:20209: result: no
configure:20229: checking for sys/wait.h that is POSIX.1 compatible
configure:20256: g++ -c  -g -O3 -Wall -DNDEBUG  conftest.cpp >&5
configure:20256: $? = 0
configure:20264: result: yes
configure:20272: checking for wchar.h
configure:20272: g++ -c  -g -O3 -Wall -DNDEBUG  conftest.cpp >&5
configure:20272: $? = 0
configure:20272: result: yes
configure:20278: checking for wctype.h
configure:20278: g++ -c  -g -O3 -Wall -DNDEBUG  conftest.cpp >&5
configure:20278: $? = 0
configure:20278: result: yes
configure:20284: checking for sys/mman.h
configure:20284: g++ -c  -g -O3 -Wall -DNDEBUG  conftest.cpp >&5
configure:20284: $? = 0
configure:20284: result: yes
configure:20290: checking for iconv.h
configure:20290: g++ -c  -g -O3 -Wall -DNDEBUG  conftest.cpp >&5
configure:20290: $? = 0
configure:20290: result: yes
configure:20296: checking for getopt.h
configure:20296: g++ -c  -g -O3 -Wall -DNDEBUG  conftest.cpp >&5
configure:20296: $? = 0
configure:20296: result: yes
configure:20303: checking for langinfo.h
configure:20303: g++ -c  -g -O3 -Wall -DNDEBUG  conftest.cpp >&5
configure:20303: $? = 0
configure:20303: result: yes
configure:20309: checking for sched.h
configure:20309: g++ -c  -g -O3 -Wall -DNDEBUG  conftest.cpp >&5
configure:20309: $? = 0
configure:20309: result: yes
configure:20315: checking for new.h
configure:20315: g++ -c  -g -O3 -Wall -DNDEBUG  conftest.cpp >&5
conftest.cpp:72:10: fatal error: new.h: No such file or directory
   72 | #include <new.h>
      |          ^~~~~~~
compilation terminated.
configure:20315: $? = 1
configure: failed program was:
| /* confdefs.h */
| #define PACKAGE_NAME "djvulibre"
| #define PACKAGE_TARNAME "djvulibre"
| #define PACKAGE_VERSION "3.5.28"
| #define PACKAGE_STRING "djvulibre 3.5.28"
| #define PACKAGE_BUGREPORT ""
| #define PACKAGE_URL ""
| #define PACKAGE "djvulibre"
| #define VERSION "3.5.28"
| #define HAVE_STDIO_H 1
| #define HAVE_STDLIB_H 1
| #define HAVE_STRING_H 1
| #define HAVE_INTTYPES_H 1
| #define HAVE_STDINT_H 1
| #define HAVE_STRINGS_H 1
| #define HAVE_SYS_STAT_H 1
| #define HAVE_SYS_TYPES_H 1
| #define HAVE_UNISTD_H 1
| #define STDC_HEADERS 1
| #define HAVE_DLFCN_H 1
| #define LT_OBJDIR ".libs/"
| #define HAVE_BOOL 1
| #define HAVE_EXCEPTIONS 1
| #define HAVE_TYPENAME 1
| #define HAVE_STDINCLUDES 1
| #define HAVE_NAMESPACES 1
| #define HAVE_MEMBER_TEMPLATES 1
| #define HAVE_INTEL_ATOMIC_BUILTINS 1
| #define HAVE_GCCTLS 1
| #define HAVE_LIBM 1
| #define HAVE_DIRENT_H 1
| #define HAVE_SYS_TIME_H 1
| #define HAVE_SYS_PARAM_H 1
| #define TIME_WITH_SYS_TIME 1
| #define HAVE_SYS_WAIT_H 1
| #define HAVE_WCHAR_H 1
| #define HAVE_WCTYPE_H 1
| #define HAVE_SYS_MMAN_H 1
| #define HAVE_ICONV_H 1
| #define HAVE_GETOPT_H 1
| #define HAVE_LANGINFO_H 1
| #define HAVE_SCHED_H 1
| /* end confdefs.h.  */
| #include <stddef.h>
| #ifdef HAVE_STDIO_H
| # include <stdio.h>
| #endif
| #ifdef HAVE_STDLIB_H
| # include <stdlib.h>
| #endif
| #ifdef HAVE_STRING_H
| # include <string.h>
| #endif
| #ifdef HAVE_INTTYPES_H
| # include <inttypes.h>
| #endif
| #ifdef HAVE_STDINT_H
| # include <stdint.h>
| #endif
| #ifdef HAVE_STRINGS_H
| # include <strings.h>
| #endif
| #ifdef HAVE_SYS_TYPES_H
| # include <sys/types.h>
| #endif
| #ifdef HAVE_SYS_STAT_H
| # include <sys/stat.h>
| #endif
| #ifdef HAVE_UNISTD_H
| # include <unistd.h>
| #endif
| #include <new.h>
configure:20315: result: no
configure:20322: checking for stdint.h
configure:20322: result: yes
configure:20328: checking for inttypes.h
configure:20328: result: yes
configure:20334: checking for sys/ipc.h
configure:20334: g++ -c  -g -O3 -Wall -DNDEBUG  conftest.cpp >&5
configure:20334: $? = 0
configure:20334: result: yes
configure:20340: checking for sys/shm.h
configure:20340: g++ -c  -g -O3 -Wall -DNDEBUG  conftest.cpp >&5
configure:20340: $? = 0
configure:20340: result: yes
configure:20347: checking for cpuid.h
configure:20347: g++ -c  -g -O3 -Wall -DNDEBUG  conftest.cpp >&5
configure:20347: $? = 0
configure:20347: result: yes
configure:20359: checking for int16_t
configure:20359: g++ -c  -g -O3 -Wall -DNDEBUG  conftest.cpp >&5
configure:20359: $? = 0
configure:20359: g++ -c  -g -O3 -Wall -DNDEBUG  conftest.cpp >&5
conftest.cpp: In function 'int main()':
conftest.cpp:82:72: error: narrowing conversion of '-1' from 'int' to 'long unsigned int' [-Wnarrowing]
   82 |                  < (int16_t) (((((int16_t) 1 << N) << N) - 1) * 2 + 2))];
      |                                                                        ^
conftest.cpp:81:26: error: size '-1' of array 'test_array' is negative
   81 | static int test_array [1 - 2 * !((int16_t) (((((int16_t) 1 << N) << N) - 1) * 2 + 1)
      |                        ~~^~~~~~~~~~~~~~~~~~~~~~~~~~~~~~~~~~~~~~~~~~~~~~~~~~~~~~~~~~~
   82 |                  < (int16_t) (((((int16_t) 1 << N) << N) - 1) * 2 + 2))];
      |                  ~~~~~~~~~~~~~~~~~~~~~~~~~~~~~~~~~~~~~~~~~~~~~~~~~~~~~~
configure:20359: $? = 1
configure: failed program was:
| /* confdefs.h */
| #define PACKAGE_NAME "djvulibre"
| #define PACKAGE_TARNAME "djvulibre"
| #define PACKAGE_VERSION "3.5.28"
| #define PACKAGE_STRING "djvulibre 3.5.28"
| #define PACKAGE_BUGREPORT ""
| #define PACKAGE_URL ""
| #define PACKAGE "djvulibre"
| #define VERSION "3.5.28"
| #define HAVE_STDIO_H 1
| #define HAVE_STDLIB_H 1
| #define HAVE_STRING_H 1
| #define HAVE_INTTYPES_H 1
| #define HAVE_STDINT_H 1
| #define HAVE_STRINGS_H 1
| #define HAVE_SYS_STAT_H 1
| #define HAVE_SYS_TYPES_H 1
| #define HAVE_UNISTD_H 1
| #define STDC_HEADERS 1
| #define HAVE_DLFCN_H 1
| #define LT_OBJDIR ".libs/"
| #define HAVE_BOOL 1
| #define HAVE_EXCEPTIONS 1
| #define HAVE_TYPENAME 1
| #define HAVE_STDINCLUDES 1
| #define HAVE_NAMESPACES 1
| #define HAVE_MEMBER_TEMPLATES 1
| #define HAVE_INTEL_ATOMIC_BUILTINS 1
| #define HAVE_GCCTLS 1
| #define HAVE_LIBM 1
| #define HAVE_DIRENT_H 1
| #define HAVE_SYS_TIME_H 1
| #define HAVE_SYS_PARAM_H 1
| #define TIME_WITH_SYS_TIME 1
| #define HAVE_SYS_WAIT_H 1
| #define HAVE_WCHAR_H 1
| #define HAVE_WCTYPE_H 1
| #define HAVE_SYS_MMAN_H 1
| #define HAVE_ICONV_H 1
| #define HAVE_GETOPT_H 1
| #define HAVE_LANGINFO_H 1
| #define HAVE_SCHED_H 1
| #define HAVE_STDINT_H 1
| #define HAVE_INTTYPES_H 1
| #define HAVE_SYS_IPC_H 1
| #define HAVE_SYS_SHM_H 1
| #define HAVE_CPUID_H 1
| /* end confdefs.h.  */
| #include <stddef.h>
| #ifdef HAVE_STDIO_H
| # include <stdio.h>
| #endif
| #ifdef HAVE_STDLIB_H
| # include <stdlib.h>
| #endif
| #ifdef HAVE_STRING_H
| # include <string.h>
| #endif
| #ifdef HAVE_INTTYPES_H
| # include <inttypes.h>
| #endif
| #ifdef HAVE_STDINT_H
| # include <stdint.h>
| #endif
| #ifdef HAVE_STRINGS_H
| # include <strings.h>
| #endif
| #ifdef HAVE_SYS_TYPES_H
| # include <sys/types.h>
| #endif
| #ifdef HAVE_SYS_STAT_H
| # include <sys/stat.h>
| #endif
| #ifdef HAVE_UNISTD_H
| # include <unistd.h>
| #endif
| 	        enum { N = 16 / 2 - 1 };
| int
| main (void)
| {
| static int test_array [1 - 2 * !((int16_t) (((((int16_t) 1 << N) << N) - 1) * 2 + 1)
| 		 < (int16_t) (((((int16_t) 1 << N) << N) - 1) * 2 + 2))];
| test_array [0] = 0;
| return test_array [0];
| 
|   ;
|   return 0;
| }
configure:20359: result: yes
configure:20368: checking for int32_t
configure:20368: g++ -c  -g -O3 -Wall -DNDEBUG  conftest.cpp >&5
configure:20368: $? = 0
configure:20368: g++ -c  -g -O3 -Wall -DNDEBUG  conftest.cpp >&5
conftest.cpp: In function 'int main()':
conftest.cpp:82:67: warning: integer overflow in expression of type 'int32_t' {aka 'int'} results in '-2147483648' [-Woverflow]
   82 |                  < (int32_t) (((((int32_t) 1 << N) << N) - 1) * 2 + 2))];
      |                               ~~~~~~~~~~~~~~~~~~~~~~~~~~~~~~~~~~~~^~~
conftest.cpp:81:26: error: size '-1' of array 'test_array' is negative
   81 | static int test_array [1 - 2 * !((int32_t) (((((int32_t) 1 << N) << N) - 1) * 2 + 1)
      |                        ~~^~~~~~~~~~~~~~~~~~~~~~~~~~~~~~~~~~~~~~~~~~~~~~~~~~~~~~~~~~~
   82 |                  < (int32_t) (((((int32_t) 1 << N) << N) - 1) * 2 + 2))];
      |                  ~~~~~~~~~~~~~~~~~~~~~~~~~~~~~~~~~~~~~~~~~~~~~~~~~~~~~~
configure:20368: $? = 1
configure: failed program was:
| /* confdefs.h */
| #define PACKAGE_NAME "djvulibre"
| #define PACKAGE_TARNAME "djvulibre"
| #define PACKAGE_VERSION "3.5.28"
| #define PACKAGE_STRING "djvulibre 3.5.28"
| #define PACKAGE_BUGREPORT ""
| #define PACKAGE_URL ""
| #define PACKAGE "djvulibre"
| #define VERSION "3.5.28"
| #define HAVE_STDIO_H 1
| #define HAVE_STDLIB_H 1
| #define HAVE_STRING_H 1
| #define HAVE_INTTYPES_H 1
| #define HAVE_STDINT_H 1
| #define HAVE_STRINGS_H 1
| #define HAVE_SYS_STAT_H 1
| #define HAVE_SYS_TYPES_H 1
| #define HAVE_UNISTD_H 1
| #define STDC_HEADERS 1
| #define HAVE_DLFCN_H 1
| #define LT_OBJDIR ".libs/"
| #define HAVE_BOOL 1
| #define HAVE_EXCEPTIONS 1
| #define HAVE_TYPENAME 1
| #define HAVE_STDINCLUDES 1
| #define HAVE_NAMESPACES 1
| #define HAVE_MEMBER_TEMPLATES 1
| #define HAVE_INTEL_ATOMIC_BUILTINS 1
| #define HAVE_GCCTLS 1
| #define HAVE_LIBM 1
| #define HAVE_DIRENT_H 1
| #define HAVE_SYS_TIME_H 1
| #define HAVE_SYS_PARAM_H 1
| #define TIME_WITH_SYS_TIME 1
| #define HAVE_SYS_WAIT_H 1
| #define HAVE_WCHAR_H 1
| #define HAVE_WCTYPE_H 1
| #define HAVE_SYS_MMAN_H 1
| #define HAVE_ICONV_H 1
| #define HAVE_GETOPT_H 1
| #define HAVE_LANGINFO_H 1
| #define HAVE_SCHED_H 1
| #define HAVE_STDINT_H 1
| #define HAVE_INTTYPES_H 1
| #define HAVE_SYS_IPC_H 1
| #define HAVE_SYS_SHM_H 1
| #define HAVE_CPUID_H 1
| /* end confdefs.h.  */
| #include <stddef.h>
| #ifdef HAVE_STDIO_H
| # include <stdio.h>
| #endif
| #ifdef HAVE_STDLIB_H
| # include <stdlib.h>
| #endif
| #ifdef HAVE_STRING_H
| # include <string.h>
| #endif
| #ifdef HAVE_INTTYPES_H
| # include <inttypes.h>
| #endif
| #ifdef HAVE_STDINT_H
| # include <stdint.h>
| #endif
| #ifdef HAVE_STRINGS_H
| # include <strings.h>
| #endif
| #ifdef HAVE_SYS_TYPES_H
| # include <sys/types.h>
| #endif
| #ifdef HAVE_SYS_STAT_H
| # include <sys/stat.h>
| #endif
| #ifdef HAVE_UNISTD_H
| # include <unistd.h>
| #endif
| 	        enum { N = 32 / 2 - 1 };
| int
| main (void)
| {
| static int test_array [1 - 2 * !((int32_t) (((((int32_t) 1 << N) << N) - 1) * 2 + 1)
| 		 < (int32_t) (((((int32_t) 1 << N) << N) - 1) * 2 + 2))];
| test_array [0] = 0;
| return test_array [0];
| 
|   ;
|   return 0;
| }
configure:20368: result: yes
configure:20377: checking for uint16_t
configure:20377: g++ -c  -g -O3 -Wall -DNDEBUG  conftest.cpp >&5
configure:20377: $? = 0
configure:20377: result: yes
configure:20387: checking for uint32_t
configure:20387: g++ -c  -g -O3 -Wall -DNDEBUG  conftest.cpp >&5
configure:20387: $? = 0
configure:20387: result: yes
configure:20399: checking for wchar_t
configure:20399: g++ -c  -g -O3 -Wall -DNDEBUG  conftest.cpp >&5
configure:20399: $? = 0
configure:20399: g++ -c  -g -O3 -Wall -DNDEBUG  conftest.cpp >&5
conftest.cpp: In function 'int main()':
conftest.cpp:80:14: error: expected primary-expression before 'wchar_t'
   80 | if (sizeof ((wchar_t)))
      |              ^~~~~~~
conftest.cpp:80:14: error: expected ')' before 'wchar_t'
   80 | if (sizeof ((wchar_t)))
      |             ~^~~~~~~
      |              )
conftest.cpp:81:21: error: expected ')' before ';' token
   81 |             return 0;
      |                     ^
      |                     )
conftest.cpp:80:12: note: to match this '('
   80 | if (sizeof ((wchar_t)))
      |            ^
conftest.cpp:81:21: error: expected ')' before ';' token
   81 |             return 0;
      |                     ^
      |                     )
conftest.cpp:80:4: note: to match this '('
   80 | if (sizeof ((wchar_t)))
      |    ^
configure:20399: $? = 1
configure: failed program was:
| /* confdefs.h */
| #define PACKAGE_NAME "djvulibre"
| #define PACKAGE_TARNAME "djvulibre"
| #define PACKAGE_VERSION "3.5.28"
| #define PACKAGE_STRING "djvulibre 3.5.28"
| #define PACKAGE_BUGREPORT ""
| #define PACKAGE_URL ""
| #define PACKAGE "djvulibre"
| #define VERSION "3.5.28"
| #define HAVE_STDIO_H 1
| #define HAVE_STDLIB_H 1
| #define HAVE_STRING_H 1
| #define HAVE_INTTYPES_H 1
| #define HAVE_STDINT_H 1
| #define HAVE_STRINGS_H 1
| #define HAVE_SYS_STAT_H 1
| #define HAVE_SYS_TYPES_H 1
| #define HAVE_UNISTD_H 1
| #define STDC_HEADERS 1
| #define HAVE_DLFCN_H 1
| #define LT_OBJDIR ".libs/"
| #define HAVE_BOOL 1
| #define HAVE_EXCEPTIONS 1
| #define HAVE_TYPENAME 1
| #define HAVE_STDINCLUDES 1
| #define HAVE_NAMESPACES 1
| #define HAVE_MEMBER_TEMPLATES 1
| #define HAVE_INTEL_ATOMIC_BUILTINS 1
| #define HAVE_GCCTLS 1
| #define HAVE_LIBM 1
| #define HAVE_DIRENT_H 1
| #define HAVE_SYS_TIME_H 1
| #define HAVE_SYS_PARAM_H 1
| #define TIME_WITH_SYS_TIME 1
| #define HAVE_SYS_WAIT_H 1
| #define HAVE_WCHAR_H 1
| #define HAVE_WCTYPE_H 1
| #define HAVE_SYS_MMAN_H 1
| #define HAVE_ICONV_H 1
| #define HAVE_GETOPT_H 1
| #define HAVE_LANGINFO_H 1
| #define HAVE_SCHED_H 1
| #define HAVE_STDINT_H 1
| #define HAVE_INTTYPES_H 1
| #define HAVE_SYS_IPC_H 1
| #define HAVE_SYS_SHM_H 1
| #define HAVE_CPUID_H 1
| /* end confdefs.h.  */
| #include <stddef.h>
| #ifdef HAVE_STDIO_H
| # include <stdio.h>
| #endif
| #ifdef HAVE_STDLIB_H
| # include <stdlib.h>
| #endif
| #ifdef HAVE_STRING_H
| # include <string.h>
| #endif
| #ifdef HAVE_INTTYPES_H
| # include <inttypes.h>
| #endif
| #ifdef HAVE_STDINT_H
| # include <stdint.h>
| #endif
| #ifdef HAVE_STRINGS_H
| # include <strings.h>
| #endif
| #ifdef HAVE_SYS_TYPES_H
| # include <sys/types.h>
| #endif
| #ifdef HAVE_SYS_STAT_H
| # include <sys/stat.h>
| #endif
| #ifdef HAVE_UNISTD_H
| # include <unistd.h>
| #endif
| int
| main (void)
| {
| if (sizeof ((wchar_t)))
| 	    return 0;
|   ;
|   return 0;
| }
configure:20399: result: yes
configure:20408: checking for long long int
configure:20408: g++ -c  -g -O3 -Wall -DNDEBUG  conftest.cpp >&5
configure:20408: $? = 0
configure:20408: g++ -c  -g -O3 -Wall -DNDEBUG  conftest.cpp >&5
conftest.cpp: In function 'int main()':
conftest.cpp:81:14: error: expected primary-expression before 'long'
   81 | if (sizeof ((long long int)))
      |              ^~~~
conftest.cpp:81:14: error: expected ')' before 'long'
   81 | if (sizeof ((long long int)))
      |             ~^~~~
      |              )
conftest.cpp:82:21: error: expected ')' before ';' token
   82 |             return 0;
      |                     ^
      |                     )
conftest.cpp:81:12: note: to match this '('
   81 | if (sizeof ((long long int)))
      |            ^
conftest.cpp:82:21: error: expected ')' before ';' token
   82 |             return 0;
      |                     ^
      |                     )
conftest.cpp:81:4: note: to match this '('
   81 | if (sizeof ((long long int)))
      |    ^
configure:20408: $? = 1
configure: failed program was:
| /* confdefs.h */
| #define PACKAGE_NAME "djvulibre"
| #define PACKAGE_TARNAME "djvulibre"
| #define PACKAGE_VERSION "3.5.28"
| #define PACKAGE_STRING "djvulibre 3.5.28"
| #define PACKAGE_BUGREPORT ""
| #define PACKAGE_URL ""
| #define PACKAGE "djvulibre"
| #define VERSION "3.5.28"
| #define HAVE_STDIO_H 1
| #define HAVE_STDLIB_H 1
| #define HAVE_STRING_H 1
| #define HAVE_INTTYPES_H 1
| #define HAVE_STDINT_H 1
| #define HAVE_STRINGS_H 1
| #define HAVE_SYS_STAT_H 1
| #define HAVE_SYS_TYPES_H 1
| #define HAVE_UNISTD_H 1
| #define STDC_HEADERS 1
| #define HAVE_DLFCN_H 1
| #define LT_OBJDIR ".libs/"
| #define HAVE_BOOL 1
| #define HAVE_EXCEPTIONS 1
| #define HAVE_TYPENAME 1
| #define HAVE_STDINCLUDES 1
| #define HAVE_NAMESPACES 1
| #define HAVE_MEMBER_TEMPLATES 1
| #define HAVE_INTEL_ATOMIC_BUILTINS 1
| #define HAVE_GCCTLS 1
| #define HAVE_LIBM 1
| #define HAVE_DIRENT_H 1
| #define HAVE_SYS_TIME_H 1
| #define HAVE_SYS_PARAM_H 1
| #define TIME_WITH_SYS_TIME 1
| #define HAVE_SYS_WAIT_H 1
| #define HAVE_WCHAR_H 1
| #define HAVE_WCTYPE_H 1
| #define HAVE_SYS_MMAN_H 1
| #define HAVE_ICONV_H 1
| #define HAVE_GETOPT_H 1
| #define HAVE_LANGINFO_H 1
| #define HAVE_SCHED_H 1
| #define HAVE_STDINT_H 1
| #define HAVE_INTTYPES_H 1
| #define HAVE_SYS_IPC_H 1
| #define HAVE_SYS_SHM_H 1
| #define HAVE_CPUID_H 1
| #define HAVE_WCHAR_T 1
| /* end confdefs.h.  */
| #include <stddef.h>
| #ifdef HAVE_STDIO_H
| # include <stdio.h>
| #endif
| #ifdef HAVE_STDLIB_H
| # include <stdlib.h>
| #endif
| #ifdef HAVE_STRING_H
| # include <string.h>
| #endif
| #ifdef HAVE_INTTYPES_H
| # include <inttypes.h>
| #endif
| #ifdef HAVE_STDINT_H
| # include <stdint.h>
| #endif
| #ifdef HAVE_STRINGS_H
| # include <strings.h>
| #endif
| #ifdef HAVE_SYS_TYPES_H
| # include <sys/types.h>
| #endif
| #ifdef HAVE_SYS_STAT_H
| # include <sys/stat.h>
| #endif
| #ifdef HAVE_UNISTD_H
| # include <unistd.h>
| #endif
| int
| main (void)
| {
| if (sizeof ((long long int)))
| 	    return 0;
|   ;
|   return 0;
| }
configure:20408: result: yes
configure:20417: checking for mbstate_t
configure:20417: g++ -c  -g -O3 -Wall -DNDEBUG  conftest.cpp >&5
configure:20417: $? = 0
configure:20417: g++ -c  -g -O3 -Wall -DNDEBUG  conftest.cpp >&5
conftest.cpp: In function 'int main()':
conftest.cpp:56:23: error: expected primary-expression before ')' token
   56 | if (sizeof ((mbstate_t)))
      |                       ^
configure:20417: $? = 1
configure: failed program was:
| /* confdefs.h */
| #define PACKAGE_NAME "djvulibre"
| #define PACKAGE_TARNAME "djvulibre"
| #define PACKAGE_VERSION "3.5.28"
| #define PACKAGE_STRING "djvulibre 3.5.28"
| #define PACKAGE_BUGREPORT ""
| #define PACKAGE_URL ""
| #define PACKAGE "djvulibre"
| #define VERSION "3.5.28"
| #define HAVE_STDIO_H 1
| #define HAVE_STDLIB_H 1
| #define HAVE_STRING_H 1
| #define HAVE_INTTYPES_H 1
| #define HAVE_STDINT_H 1
| #define HAVE_STRINGS_H 1
| #define HAVE_SYS_STAT_H 1
| #define HAVE_SYS_TYPES_H 1
| #define HAVE_UNISTD_H 1
| #define STDC_HEADERS 1
| #define HAVE_DLFCN_H 1
| #define LT_OBJDIR ".libs/"
| #define HAVE_BOOL 1
| #define HAVE_EXCEPTIONS 1
| #define HAVE_TYPENAME 1
| #define HAVE_STDINCLUDES 1
| #define HAVE_NAMESPACES 1
| #define HAVE_MEMBER_TEMPLATES 1
| #define HAVE_INTEL_ATOMIC_BUILTINS 1
| #define HAVE_GCCTLS 1
| #define HAVE_LIBM 1
| #define HAVE_DIRENT_H 1
| #define HAVE_SYS_TIME_H 1
| #define HAVE_SYS_PARAM_H 1
| #define TIME_WITH_SYS_TIME 1
| #define HAVE_SYS_WAIT_H 1
| #define HAVE_WCHAR_H 1
| #define HAVE_WCTYPE_H 1
| #define HAVE_SYS_MMAN_H 1
| #define HAVE_ICONV_H 1
| #define HAVE_GETOPT_H 1
| #define HAVE_LANGINFO_H 1
| #define HAVE_SCHED_H 1
| #define HAVE_STDINT_H 1
| #define HAVE_INTTYPES_H 1
| #define HAVE_SYS_IPC_H 1
| #define HAVE_SYS_SHM_H 1
| #define HAVE_CPUID_H 1
| #define HAVE_WCHAR_T 1
| #define HAVE_LONG_LONG_INT 1
| /* end confdefs.h.  */
| #include "wchar.h"
| 
| int
| main (void)
| {
| if (sizeof ((mbstate_t)))
| 	    return 0;
|   ;
|   return 0;
| }
configure:20417: result: yes
configure:20435: checking for special C compiler options needed for large files
configure:20483: result: no
configure:20489: checking for _FILE_OFFSET_BITS value needed for large files
configure:20515: g++ -c  -g -O3 -Wall -DNDEBUG  conftest.cpp >&5
configure:20515: $? = 0
configure:20549: result: no
configure:20641: checking for getpagesize
configure:20641: g++ -o conftest  -g -O3 -Wall -DNDEBUG   conftest.cpp -lm  >&5
configure:20641: $? = 0
configure:20641: result: yes
configure:20641: checking for fork
configure:20641: g++ -o conftest  -g -O3 -Wall -DNDEBUG   conftest.cpp -lm  >&5
conftest.cpp:69:6: warning: declaration of 'char fork()' conflicts with built-in declaration 'int fork()' [-Wbuiltin-declaration-mismatch]
   69 | char fork ();
      |      ^~~~
configure:20641: $? = 0
configure:20641: result: yes
configure:20641: checking for vfork
configure:20641: g++ -o conftest  -g -O3 -Wall -DNDEBUG   conftest.cpp -lm  >&5
configure:20641: $? = 0
configure:20641: result: yes
configure:20652: checking for working mmap
configure:20804: g++ -o conftest  -g -O3 -Wall -DNDEBUG   conftest.cpp -lm  >&5
configure:20804: $? = 0
configure:20804: ./conftest
configure:20804: $? = 0
configure:20815: result: yes
configure:20825: checking for pid_t
configure:20825: g++ -c  -g -O3 -Wall -DNDEBUG  conftest.cpp >&5
configure:20825: $? = 0
configure:20825: g++ -c  -g -O3 -Wall -DNDEBUG  conftest.cpp >&5
conftest.cpp: In function 'int main()':
conftest.cpp:88:19: error: expected primary-expression before ')' token
   88 | if (sizeof ((pid_t)))
      |                   ^
configure:20825: $? = 1
configure: failed program was:
| /* confdefs.h */
| #define PACKAGE_NAME "djvulibre"
| #define PACKAGE_TARNAME "djvulibre"
| #define PACKAGE_VERSION "3.5.28"
| #define PACKAGE_STRING "djvulibre 3.5.28"
| #define PACKAGE_BUGREPORT ""
| #define PACKAGE_URL ""
| #define PACKAGE "djvulibre"
| #define VERSION "3.5.28"
| #define HAVE_STDIO_H 1
| #define HAVE_STDLIB_H 1
| #define HAVE_STRING_H 1
| #define HAVE_INTTYPES_H 1
| #define HAVE_STDINT_H 1
| #define HAVE_STRINGS_H 1
| #define HAVE_SYS_STAT_H 1
| #define HAVE_SYS_TYPES_H 1
| #define HAVE_UNISTD_H 1
| #define STDC_HEADERS 1
| #define HAVE_DLFCN_H 1
| #define LT_OBJDIR ".libs/"
| #define HAVE_BOOL 1
| #define HAVE_EXCEPTIONS 1
| #define HAVE_TYPENAME 1
| #define HAVE_STDINCLUDES 1
| #define HAVE_NAMESPACES 1
| #define HAVE_MEMBER_TEMPLATES 1
| #define HAVE_INTEL_ATOMIC_BUILTINS 1
| #define HAVE_GCCTLS 1
| #define HAVE_LIBM 1
| #define HAVE_DIRENT_H 1
| #define HAVE_SYS_TIME_H 1
| #define HAVE_SYS_PARAM_H 1
| #define TIME_WITH_SYS_TIME 1
| #define HAVE_SYS_WAIT_H 1
| #define HAVE_WCHAR_H 1
| #define HAVE_WCTYPE_H 1
| #define HAVE_SYS_MMAN_H 1
| #define HAVE_ICONV_H 1
| #define HAVE_GETOPT_H 1
| #define HAVE_LANGINFO_H 1
| #define HAVE_SCHED_H 1
| #define HAVE_STDINT_H 1
| #define HAVE_INTTYPES_H 1
| #define HAVE_SYS_IPC_H 1
| #define HAVE_SYS_SHM_H 1
| #define HAVE_CPUID_H 1
| #define HAVE_WCHAR_T 1
| #define HAVE_LONG_LONG_INT 1
| #define HAVE_MBSTATE_T 1
| #define HAVE_GETPAGESIZE 1
| #define HAVE_FORK 1
| #define HAVE_VFORK 1
| #define HAVE_MMAP 1
| /* end confdefs.h.  */
| #include <stddef.h>
| #ifdef HAVE_STDIO_H
| # include <stdio.h>
| #endif
| #ifdef HAVE_STDLIB_H
| # include <stdlib.h>
| #endif
| #ifdef HAVE_STRING_H
| # include <string.h>
| #endif
| #ifdef HAVE_INTTYPES_H
| # include <inttypes.h>
| #endif
| #ifdef HAVE_STDINT_H
| # include <stdint.h>
| #endif
| #ifdef HAVE_STRINGS_H
| # include <strings.h>
| #endif
| #ifdef HAVE_SYS_TYPES_H
| # include <sys/types.h>
| #endif
| #ifdef HAVE_SYS_STAT_H
| # include <sys/stat.h>
| #endif
| #ifdef HAVE_UNISTD_H
| # include <unistd.h>
| #endif
| 
| int
| main (void)
| {
| if (sizeof ((pid_t)))
| 	    return 0;
|   ;
|   return 0;
| }
configure:20825: result: yes
configure:20867: checking for working fork
configure:20891: g++ -o conftest  -g -O3 -Wall -DNDEBUG   conftest.cpp -lm  >&5
configure:20891: $? = 0
configure:20891: ./conftest
configure:20891: $? = 0
configure:20902: result: yes
configure:20923: checking for working vfork
configure:21052: result: yes
configure:21077: checking for _LARGEFILE_SOURCE value needed for large files
configure:21097: g++ -o conftest  -g -O3 -Wall -DNDEBUG   conftest.cpp -lm  >&5
configure:21097: $? = 0
configure:21127: result: no
configure:21146: checking for wcrtomb
configure:21146: g++ -o conftest  -g -O3 -Wall -DNDEBUG   conftest.cpp -lm  >&5
configure:21146: $? = 0
configure:21146: result: yes
configure:21152: checking for iswspace
configure:21152: g++ -o conftest  -g -O3 -Wall -DNDEBUG   conftest.cpp -lm  >&5
conftest.cpp:76:6: warning: declaration of 'char iswspace()' conflicts with built-in declaration 'int iswspace(unsigned int)' [-Wbuiltin-declaration-mismatch]
   76 | char iswspace ();
      |      ^~~~~~~~
configure:21152: $? = 0
configure:21152: result: yes
configure:21158: checking for setenv
configure:21158: g++ -o conftest  -g -O3 -Wall -DNDEBUG   conftest.cpp -lm  >&5
configure:21158: $? = 0
configure:21158: result: yes
configure:21164: checking for nl_langinfo
configure:21164: g++ -o conftest  -g -O3 -Wall -DNDEBUG   conftest.cpp -lm  >&5
configure:21164: $? = 0
configure:21164: result: yes
configure:21171: checking for putc_unlocked
configure:21171: g++ -o conftest  -g -O3 -Wall -DNDEBUG   conftest.cpp -lm  >&5
conftest.cpp:79:6: warning: declaration of 'char putc_unlocked()' conflicts with built-in declaration 'int putc_unlocked(int, void*)' [-Wbuiltin-declaration-mismatch]
   79 | char putc_unlocked ();
      |      ^~~~~~~~~~~~~
configure:21171: $? = 0
configure:21171: result: yes
configure:21177: checking for strerror
configure:21177: g++ -o conftest  -g -O3 -Wall -DNDEBUG   conftest.cpp -lm  >&5
configure:21177: $? = 0
configure:21177: result: yes
configure:21183: checking for vsnprintf
configure:21183: g++ -o conftest  -g -O3 -Wall -DNDEBUG   conftest.cpp -lm  >&5
conftest.cpp:81:6: warning: declaration of 'char vsnprintf()' conflicts with built-in declaration 'int vsnprintf(char*, long unsigned int, const char*, __va_list_tag*)' [-Wbuiltin-declaration-mismatch]
   81 | char vsnprintf ();
      |      ^~~~~~~~~
configure:21183: $? = 0
configure:21183: result: yes
configure:21190: checking for gethostname
configure:21190: g++ -o conftest  -g -O3 -Wall -DNDEBUG   conftest.cpp -lm  >&5
configure:21190: $? = 0
configure:21190: result: yes
configure:21196: checking for strftime
configure:21196: g++ -o conftest  -g -O3 -Wall -DNDEBUG   conftest.cpp -lm  >&5
conftest.cpp:83:6: warning: declaration of 'char strftime()' conflicts with built-in declaration 'long unsigned int strftime(char*, long unsigned int, const char*, const void*)' [-Wbuiltin-declaration-mismatch]
   83 | char strftime ();
      |      ^~~~~~~~
configure:21196: $? = 0
configure:21196: result: yes
configure:21202: checking for getpwuid
configure:21202: g++ -o conftest  -g -O3 -Wall -DNDEBUG   conftest.cpp -lm  >&5
configure:21202: $? = 0
configure:21202: result: yes
configure:21209: checking for sigaction
configure:21209: g++ -o conftest  -g -O3 -Wall -DNDEBUG   conftest.cpp -lm  >&5
configure:21209: $? = 0
configure:21209: result: yes
configure:21215: checking for mkstemp
configure:21215: g++ -o conftest  -g -O3 -Wall -DNDEBUG   conftest.cpp -lm  >&5
configure:21215: $? = 0
configure:21215: result: yes
configure:21221: checking for sched_yield
configure:21221: g++ -o conftest  -g -O3 -Wall -DNDEBUG   conftest.cpp -lm  >&5
configure:21221: $? = 0
configure:21221: result: yes
configure:21230: checking for iconv
configure:21250: gcc -o conftest  -g -O3 -Wall -DNDEBUG   conftest.c -lm  >&5
configure:21250: $? = 0
configure:21256: result: yes
configure:21284: checking for pthread.h
configure:21284: g++ -c  -g -O3 -Wall -DNDEBUG  conftest.cpp >&5
configure:21284: $? = 0
configure:21284: result: yes
configure:21408: checking whether pthreads work with -pthread -lpthread
configure:21454: g++ -o conftest  -g -O3 -Wall -DNDEBUG  -pthread   conftest.cpp  -lpthread -lm  >&5
conftest.cpp: In function 'int main()':
conftest.cpp:81:18: warning: argument 1 null where non-null expected [-Wnonnull]
   81 | pthread_attr_init(0); pthread_cleanup_push(0, 0);
      | ~~~~~~~~~~~~~~~~~^~~
In file included from conftest.cpp:74:
/usr/include/pthread.h:285:12: note: in a call to function 'int pthread_attr_init(pthread_attr_t*)' declared 'nonnull'
  285 | extern int pthread_attr_init (pthread_attr_t *__attr) __THROW __nonnull ((1));
      |            ^~~~~~~~~~~~~~~~~
conftest.cpp:82:15: warning: argument 1 null where non-null expected [-Wnonnull]
   82 | pthread_create(0,0,0,0); pthread_cleanup_pop(0);
      | ~~~~~~~~~~~~~~^~~~~~~~~
/usr/include/pthread.h:202:12: note: in a call to function 'int pthread_create(pthread_t*, const pthread_attr_t*, void* (*)(void*), void*)' declared 'nonnull'
  202 | extern int pthread_create (pthread_t *__restrict __newthread,
      |            ^~~~~~~~~~~~~~
conftest.cpp:82:15: warning: argument 3 null where non-null expected [-Wnonnull]
   82 | pthread_create(0,0,0,0); pthread_cleanup_pop(0);
      | ~~~~~~~~~~~~~~^~~~~~~~~
/usr/include/pthread.h:202:12: note: in a call to function 'int pthread_create(pthread_t*, const pthread_attr_t*, void* (*)(void*), void*)' declared 'nonnull'
  202 | extern int pthread_create (pthread_t *__restrict __newthread,
      |            ^~~~~~~~~~~~~~
conftest.cpp:80:27: warning: 'th' is used uninitialized [-Wuninitialized]
   80 | pthread_t th; pthread_join(th, 0);
      |               ~~~~~~~~~~~~^~~~~~~
conftest.cpp:80:11: note: 'th' was declared here
   80 | pthread_t th; pthread_join(th, 0);
      |           ^~
configure:21454: $? = 0
configure:21465: result: yes
configure:21482: checking if more special flags are required for pthreads
configure:21489: result: no
configure:21535: checking for jpeg library
configure:21565: g++ -o conftest  -g -O3 -Wall -DNDEBUG    conftest.cpp -lm  -ljpeg >&5
configure:21565: $? = 0
configure:21576: result: yes
configure:21590: checking for libjpeg
configure:21592: result: yes
configure:21618: checking for the libtiff library
configure:21648: g++ -o conftest  -g -O3 -Wall -DNDEBUG    conftest.cpp -lm  -ltiff >&5
configure:21648: $? = 0
configure:21659: result: yes
configure:21673: checking for libtiff
configure:21675: result: yes
configure:21855: checking that generated files are newer than configure
configure:21861: result: done
configure:21924: creating ./config.status

## ---------------------- ##
## Running config.status. ##
## ---------------------- ##

This file was extended by djvulibre config.status 3.5.28, which was
generated by GNU Autoconf 2.71.  Invocation command line was

  CONFIG_FILES    = 
  CONFIG_HEADERS  = 
  CONFIG_LINKS    = 
  CONFIG_COMMANDS = 
  $ ./config.status 

on jsbdebian

config.status:1235: creating Makefile
config.status:1235: creating libdjvu/Makefile
config.status:1235: creating tools/Makefile
config.status:1235: creating xmltools/Makefile
config.status:1235: creating share/Makefile
config.status:1235: creating desktopfiles/Makefile
config.status:1235: creating config.h
config.status:1464: executing depfiles commands
config.status:1541: cd libdjvu       && sed -e '/# am--include-marker/d' Makefile         | make -f - am--depfiles
config.status:1546: $? = 0
config.status:1541: cd tools       && sed -e '/# am--include-marker/d' Makefile         | make -f - am--depfiles
config.status:1546: $? = 0
config.status:1541: cd xmltools       && sed -e '/# am--include-marker/d' Makefile         | make -f - am--depfiles
config.status:1546: $? = 0
config.status:1464: executing libtool commands

## ---------------- ##
## Cache variables. ##
## ---------------- ##

ac_cv_build=x86_64-pc-linux-gnu
ac_cv_c_compiler_gnu=yes
ac_cv_c_int16_t=yes
ac_cv_c_int32_t=yes
ac_cv_c_uint16_t=yes
ac_cv_c_uint32_t=yes
ac_cv_c_undeclared_builtin_options='none needed'
ac_cv_cxx_bool=yes
ac_cv_cxx_compiler_gnu=yes
ac_cv_cxx_exceptions=yes
ac_cv_cxx_gcctls=yes
ac_cv_cxx_intel_atomic_builtins=yes
ac_cv_cxx_member_templates=yes
ac_cv_cxx_namespaces=yes
ac_cv_cxx_stdincludes=yes
ac_cv_cxx_typename=yes
ac_cv_env_CCC_set=
ac_cv_env_CCC_value=
ac_cv_env_CC_set=
ac_cv_env_CC_value=
ac_cv_env_CFLAGS_set=
ac_cv_env_CFLAGS_value=
ac_cv_env_CPPFLAGS_set=
ac_cv_env_CPPFLAGS_value=
ac_cv_env_CXXCPP_set=
ac_cv_env_CXXCPP_value=
ac_cv_env_CXXFLAGS_set=
ac_cv_env_CXXFLAGS_value=
ac_cv_env_CXX_set=
ac_cv_env_CXX_value=
ac_cv_env_JPEG_CFLAGS_set=
ac_cv_env_JPEG_CFLAGS_value=
ac_cv_env_JPEG_LIBS_set=
ac_cv_env_JPEG_LIBS_value=
ac_cv_env_LDFLAGS_set=
ac_cv_env_LDFLAGS_value=
ac_cv_env_LIBS_set=
ac_cv_env_LIBS_value=
ac_cv_env_LT_SYS_LIBRARY_PATH_set=
ac_cv_env_LT_SYS_LIBRARY_PATH_value=
ac_cv_env_PTHREAD_CFLAGS_set=
ac_cv_env_PTHREAD_CFLAGS_value=
ac_cv_env_PTHREAD_LIBS_set=
ac_cv_env_PTHREAD_LIBS_value=
ac_cv_env_TIFF_CFLAGS_set=
ac_cv_env_TIFF_CFLAGS_value=
ac_cv_env_TIFF_LIBS_set=
ac_cv_env_TIFF_LIBS_value=
ac_cv_env_build_alias_set=
ac_cv_env_build_alias_value=
ac_cv_env_host_alias_set=
ac_cv_env_host_alias_value=
ac_cv_env_target_alias_set=
ac_cv_env_target_alias_value=
ac_cv_func_fork=yes
ac_cv_func_fork_works=yes
ac_cv_func_gethostname=yes
ac_cv_func_getpagesize=yes
ac_cv_func_getpwuid=yes
ac_cv_func_iswspace=yes
ac_cv_func_mkstemp=yes
ac_cv_func_mmap_fixed_mapped=yes
ac_cv_func_nl_langinfo=yes
ac_cv_func_putc_unlocked=yes
ac_cv_func_sched_yield=yes
ac_cv_func_setenv=yes
ac_cv_func_sigaction=yes
ac_cv_func_strerror=yes
ac_cv_func_strftime=yes
ac_cv_func_vfork=yes
ac_cv_func_vfork_works=yes
ac_cv_func_vsnprintf=yes
ac_cv_func_wcrtomb=yes
ac_cv_have_decl__WIN32=no
ac_cv_have_decl___APPLE__=no
ac_cv_header_cpuid_h=yes
ac_cv_header_dirent_dirent_h=yes
ac_cv_header_dlfcn_h=yes
ac_cv_header_getopt_h=yes
ac_cv_header_iconv_h=yes
ac_cv_header_inttypes_h=yes
ac_cv_header_langinfo_h=yes
ac_cv_header_new_h=no
ac_cv_header_pthread_h=yes
ac_cv_header_sched_h=yes
ac_cv_header_stdint_h=yes
ac_cv_header_stdio_h=yes
ac_cv_header_stdlib_h=yes
ac_cv_header_string_h=yes
ac_cv_header_strings_h=yes
ac_cv_header_sys_ipc_h=yes
ac_cv_header_sys_mman_h=yes
ac_cv_header_sys_param_h=yes
ac_cv_header_sys_shm_h=yes
ac_cv_header_sys_stat_h=yes
ac_cv_header_sys_time_h=yes
ac_cv_header_sys_types_h=yes
ac_cv_header_sys_wait_h=yes
ac_cv_header_unistd_h=yes
ac_cv_header_vfork_h=no
ac_cv_header_wchar_h=yes
ac_cv_header_wctype_h=yes
ac_cv_host=x86_64-pc-linux-gnu
ac_cv_lib_m_sqrt=yes
ac_cv_objext=o
ac_cv_path_CONVERT=/usr/bin/convert
ac_cv_path_EGREP='/usr/bin/grep -E'
ac_cv_path_FGREP='/usr/bin/grep -F'
ac_cv_path_GREP=/usr/bin/grep
ac_cv_path_INKSCAPE=/usr/bin/inkscape
ac_cv_path_RM=/usr/bin/rm
ac_cv_path_RSVG=false
ac_cv_path_SED=/usr/bin/sed
ac_cv_path_TOUCH=/usr/bin/touch
ac_cv_path_install='/usr/bin/install -c'
ac_cv_path_lt_DD=/usr/bin/dd
ac_cv_path_mkdir=/usr/bin/mkdir
ac_cv_prog_AWK=gawk
ac_cv_prog_CXXCPP='g++ -E'
ac_cv_prog_ac_ct_AR=ar
ac_cv_prog_ac_ct_CC=gcc
ac_cv_prog_ac_ct_CXX=g++
ac_cv_prog_ac_ct_FILECMD=file
ac_cv_prog_ac_ct_MANIFEST_TOOL=mt
ac_cv_prog_ac_ct_OBJDUMP=objdump
ac_cv_prog_ac_ct_RANLIB=ranlib
ac_cv_prog_ac_ct_STRIP=strip
ac_cv_prog_cc_c11=
ac_cv_prog_cc_g=yes
ac_cv_prog_cc_stdc=
ac_cv_prog_cxx_cxx11=
ac_cv_prog_cxx_g=yes
ac_cv_prog_cxx_stdcxx=
ac_cv_prog_make_make_set=yes
ac_cv_search_opendir='none required'
ac_cv_sys_file_offset_bits=no
ac_cv_sys_largefile_CC=no
ac_cv_sys_largefile_source=no
ac_cv_type_long_long_int=yes
ac_cv_type_mbstate_t=yes
ac_cv_type_pid_t=yes
ac_cv_type_wchar_t=yes
am_cv_CC_dependencies_compiler_type=gcc3
am_cv_CXX_dependencies_compiler_type=gcc3
am_cv_ar_interface=ar
am_cv_make_support_nested_variables=yes
am_cv_prog_cc_c_o=yes
lt_cv_ar_at_file=@
lt_cv_archive_cmds_need_lc=no
lt_cv_deplibs_check_method=pass_all
lt_cv_file_magic_cmd='$MAGIC_CMD'
lt_cv_file_magic_test_file=
lt_cv_ld_reload_flag=-r
lt_cv_nm_interface='BSD nm'
lt_cv_objdir=.libs
lt_cv_path_LD=/usr/bin/ld
lt_cv_path_LDCXX='/usr/bin/ld -m elf_x86_64'
lt_cv_path_NM='/usr/bin/nm -B'
lt_cv_path_mainfest_tool=no
lt_cv_prog_compiler_c_o=yes
lt_cv_prog_compiler_c_o_CXX=yes
lt_cv_prog_compiler_pic='-fPIC -DPIC'
lt_cv_prog_compiler_pic_CXX='-fPIC -DPIC'
lt_cv_prog_compiler_pic_works=yes
lt_cv_prog_compiler_pic_works_CXX=yes
lt_cv_prog_compiler_rtti_exceptions=no
lt_cv_prog_compiler_static_works=yes
lt_cv_prog_compiler_static_works_CXX=yes
lt_cv_prog_gnu_ld=yes
lt_cv_prog_gnu_ldcxx=yes
lt_cv_sharedlib_from_linklib_cmd='printf %s\n'
lt_cv_shlibpath_overrides_runpath=yes
lt_cv_sys_global_symbol_pipe='/usr/bin/sed -n -e '\''s/^.*[	 ]\([ABCDGIRSTW][ABCDGIRSTW]*\)[	 ][	 ]*\([_A-Za-z][_A-Za-z0-9]*\)$/\1 \2 \2/p'\'' | /usr/bin/sed '\''/ __gnu_lto/d'\'''
lt_cv_sys_global_symbol_to_c_name_address='/usr/bin/sed -n -e '\''s/^: \(.*\) .*$/  {"\1", (void *) 0},/p'\'' -e '\''s/^[ABCDGIRSTW][ABCDGIRSTW]* .* \(.*\)$/  {"\1", (void *) \&\1},/p'\'''
lt_cv_sys_global_symbol_to_c_name_address_lib_prefix='/usr/bin/sed -n -e '\''s/^: \(.*\) .*$/  {"\1", (void *) 0},/p'\'' -e '\''s/^[ABCDGIRSTW][ABCDGIRSTW]* .* \(lib.*\)$/  {"\1", (void *) \&\1},/p'\'' -e '\''s/^[ABCDGIRSTW][ABCDGIRSTW]* .* \(.*\)$/  {"lib\1", (void *) \&\1},/p'\'''
lt_cv_sys_global_symbol_to_cdecl='/usr/bin/sed -n -e '\''s/^T .* \(.*\)$/extern int \1();/p'\'' -e '\''s/^[ABCDGIRSTW][ABCDGIRSTW]* .* \(.*\)$/extern char \1;/p'\'''
lt_cv_sys_global_symbol_to_import=
lt_cv_sys_max_cmd_len=1879296
lt_cv_to_host_file_cmd=func_convert_file_noop
lt_cv_to_tool_file_cmd=func_convert_file_noop
lt_cv_truncate_bin='/usr/bin/dd bs=4096 count=1'

## ----------------- ##
## Output variables. ##
## ----------------- ##

ACLOCAL='${SHELL} '\''/home/jsbien/git/djvu2mask/config/missing'\'' aclocal-1.16'
AMDEPBACKSLASH='\'
AMDEP_FALSE='#'
AMDEP_TRUE=''
AMTAR='$${TAR-tar}'
AM_BACKSLASH='\'
AM_DEFAULT_V='$(AM_DEFAULT_VERBOSITY)'
AM_DEFAULT_VERBOSITY='0'
AM_V='$(V)'
AR='ar'
AS='as'
AUTOCONF='${SHELL} '\''/home/jsbien/git/djvu2mask/config/missing'\'' autoconf'
AUTOHEADER='${SHELL} '\''/home/jsbien/git/djvu2mask/config/missing'\'' autoheader'
AUTOMAKE='${SHELL} '\''/home/jsbien/git/djvu2mask/config/missing'\'' automake-1.16'
AWK='gawk'
CC='gcc'
CCDEPMODE='depmode=gcc3'
CFLAGS=' -g -O3 -Wall -DNDEBUG'
CONVERT='/usr/bin/convert'
CPPFLAGS=''
CSCOPE='cscope'
CTAGS='ctags'
CXX='g++'
CXXCPP='g++ -E'
CXXDEPMODE='depmode=gcc3'
CXXFLAGS=' -g -O3 -Wall -DNDEBUG'
CYGPATH_W='echo'
DEFS='-DHAVE_CONFIG_H'
DEPDIR='.deps'
DLLTOOL='false'
DSYMUTIL=''
DUMPBIN=''
ECHO_C=''
ECHO_N='-n'
ECHO_T=''
EGREP='/usr/bin/grep -E'
ETAGS='etags'
EXEEXT=''
FGREP='/usr/bin/grep -F'
FILECMD='file'
GREP='/usr/bin/grep'
HAVE_CONVERSION_CONVERT_FALSE=''
HAVE_CONVERSION_CONVERT_TRUE='#'
HAVE_CONVERSION_INKSCAPE_FALSE='#'
HAVE_CONVERSION_INKSCAPE_TRUE=''
HAVE_CONVERSION_RSVG_FALSE=''
HAVE_CONVERSION_RSVG_TRUE='#'
HAVE_CONVERSION_TOOL_FALSE='#'
HAVE_CONVERSION_TOOL_TRUE=''
HAVE_OS_APPLE_FALSE=''
HAVE_OS_APPLE_TRUE='#'
HAVE_OS_WIN32_FALSE=''
HAVE_OS_WIN32_TRUE='#'
INKSCAPE='/usr/bin/inkscape'
INSTALL_DATA='${INSTALL} -m 644'
INSTALL_PROGRAM='${INSTALL}'
INSTALL_SCRIPT='${INSTALL}'
INSTALL_STRIP_PROGRAM='$(install_sh) -c -s'
JPEG_CFLAGS=''
JPEG_LIBS='-ljpeg'
LD='/usr/bin/ld -m elf_x86_64'
LDFLAGS=''
LIBOBJS=''
LIBS='-lm '
LIBTOOL='$(SHELL) $(top_builddir)/libtool'
LIPO=''
LN_S='ln -s'
LTLIBOBJS=''
LT_SYS_LIBRARY_PATH=''
MAKEINFO='${SHELL} '\''/home/jsbien/git/djvu2mask/config/missing'\'' makeinfo'
MANIFEST_TOOL=':'
MKDIR_P='/usr/bin/mkdir -p'
NM='/usr/bin/nm -B'
NMEDIT=''
OBJDUMP='objdump'
OBJEXT='o'
OTOOL64=''
OTOOL=''
PACKAGE='djvulibre'
PACKAGE_BUGREPORT=''
PACKAGE_NAME='djvulibre'
PACKAGE_STRING='djvulibre 3.5.28'
PACKAGE_TARNAME='djvulibre'
PACKAGE_URL=''
PACKAGE_VERSION='3.5.28'
PATH_SEPARATOR=':'
PTHREAD_CFLAGS=' -pthread'
PTHREAD_LIBS=' -lpthread'
RANLIB='ranlib'
RM='/usr/bin/rm -f'
RSVG='false'
SED='/usr/bin/sed'
SET_MAKE=''
SHELL='/bin/bash'
STRIP='strip'
TIFF_CFLAGS=''
TIFF_LIBS='-ltiff'
TOUCH='/usr/bin/touch'
VERSION='3.5.28'
WANT_DESKTOPFILES_FALSE=''
WANT_DESKTOPFILES_TRUE='#'
WANT_XMLTOOLS_FALSE=''
WANT_XMLTOOLS_TRUE='#'
ac_ct_AR='ar'
ac_ct_CC='gcc'
ac_ct_CXX='g++'
ac_ct_DUMPBIN=''
am__EXEEXT_FALSE=''
am__EXEEXT_TRUE='#'
am__fastdepCC_FALSE='#'
am__fastdepCC_TRUE=''
am__fastdepCXX_FALSE='#'
am__fastdepCXX_TRUE=''
am__include='include'
am__isrc=''
am__leading_dot='.'
am__nodep='_no'
am__quote=''
am__tar='$${TAR-tar} chof - "$$tardir"'
am__untar='$${TAR-tar} xf -'
bindir='${exec_prefix}/bin'
build='x86_64-pc-linux-gnu'
build_alias=''
build_cpu='x86_64'
build_os='linux-gnu'
build_vendor='pc'
datadir='${datarootdir}'
datarootdir='${prefix}/share'
docdir='${datarootdir}/doc/${PACKAGE_TARNAME}'
dvidir='${docdir}'
exec_prefix='${prefix}'
host='x86_64-pc-linux-gnu'
host_alias=''
host_cpu='x86_64'
host_os='linux-gnu'
host_vendor='pc'
htmldir='${docdir}'
includedir='${prefix}/include'
infodir='${datarootdir}/info'
install_sh='${SHELL} /home/jsbien/git/djvu2mask/config/install-sh'
libdir='${exec_prefix}/lib'
libexecdir='${exec_prefix}/libexec'
localedir='${datarootdir}/locale'
localstatedir='${prefix}/var'
mandir='${datarootdir}/man'
mkdir_p='$(MKDIR_P)'
oldincludedir='/usr/include'
pdfdir='${docdir}'
pkgconfigdir='${libdir}/pkgconfig'
prefix='/usr/local'
program_transform_name='s,x,x,'
psdir='${docdir}'
runstatedir='${localstatedir}/run'
sbindir='${exec_prefix}/sbin'
sharedstatedir='${prefix}/com'
sysconfdir='${prefix}/etc'
target_alias=''
version_info='28:0:7'

## ----------- ##
## confdefs.h. ##
## ----------- ##

/* confdefs.h */
#define PACKAGE_NAME "djvulibre"
#define PACKAGE_TARNAME "djvulibre"
#define PACKAGE_VERSION "3.5.28"
#define PACKAGE_STRING "djvulibre 3.5.28"
#define PACKAGE_BUGREPORT ""
#define PACKAGE_URL ""
#define PACKAGE "djvulibre"
#define VERSION "3.5.28"
#define HAVE_STDIO_H 1
#define HAVE_STDLIB_H 1
#define HAVE_STRING_H 1
#define HAVE_INTTYPES_H 1
#define HAVE_STDINT_H 1
#define HAVE_STRINGS_H 1
#define HAVE_SYS_STAT_H 1
#define HAVE_SYS_TYPES_H 1
#define HAVE_UNISTD_H 1
#define STDC_HEADERS 1
#define HAVE_DLFCN_H 1
#define LT_OBJDIR ".libs/"
#define HAVE_BOOL 1
#define HAVE_EXCEPTIONS 1
#define HAVE_TYPENAME 1
#define HAVE_STDINCLUDES 1
#define HAVE_NAMESPACES 1
#define HAVE_MEMBER_TEMPLATES 1
#define HAVE_INTEL_ATOMIC_BUILTINS 1
#define HAVE_GCCTLS 1
#define HAVE_LIBM 1
#define HAVE_DIRENT_H 1
#define HAVE_SYS_TIME_H 1
#define HAVE_SYS_PARAM_H 1
#define TIME_WITH_SYS_TIME 1
#define HAVE_SYS_WAIT_H 1
#define HAVE_WCHAR_H 1
#define HAVE_WCTYPE_H 1
#define HAVE_SYS_MMAN_H 1
#define HAVE_ICONV_H 1
#define HAVE_GETOPT_H 1
#define HAVE_LANGINFO_H 1
#define HAVE_SCHED_H 1
#define HAVE_STDINT_H 1
#define HAVE_INTTYPES_H 1
#define HAVE_SYS_IPC_H 1
#define HAVE_SYS_SHM_H 1
#define HAVE_CPUID_H 1
#define HAVE_WCHAR_T 1
#define HAVE_LONG_LONG_INT 1
#define HAVE_MBSTATE_T 1
#define HAVE_GETPAGESIZE 1
#define HAVE_FORK 1
#define HAVE_VFORK 1
#define HAVE_MMAP 1
#define HAVE_WORKING_VFORK 1
#define HAVE_WORKING_FORK 1
#define HAVE_FSEEKO 1
#define HAVE_WCRTOMB 1
#define HAVE_ISWSPACE 1
#define HAVE_SETENV 1
#define HAVE_NL_LANGINFO 1
#define HAVE_PUTC_UNLOCKED 1
#define HAVE_STRERROR 1
#define HAVE_VSNPRINTF 1
#define HAVE_GETHOSTNAME 1
#define HAVE_STRFTIME 1
#define HAVE_GETPWUID 1
#define HAVE_SIGACTION 1
#define HAVE_MKSTEMP 1
#define HAVE_SCHED_YIELD 1
#define HAVE_ICONV 1
#define HAVE_PTHREAD 1
#define HAVE_JPEG 1
#define HAVE_TIFF 1
#define DJVULIBRE_VERSION "3.5.28"

configure: exit 0
